-0.188993   0.021906   0.032568
-0.0539307   -0.127032   -0.33841
-0.123264   -0.0752548   0.465103
0.306833   0.404801   0.0674139
0.437361   -0.338488   -0.306002
-0.190487   -0.291283   -0.468505
0.170165   0.212059   -0.242536
-0.393667   0.0303298   0.00672296
-0.414335   -0.191056   0.251209
-0.292909   0.438496   -0.0156147
-0.250969   0.372202   0.383096
-0.0701   0.477759   0.460969
-0.123254   0.0692335   -0.195083
0.175759   -0.361504   -0.283698
0.330171   0.307352   -0.317232
-0.253471   0.492856   -0.372007
-0.319195   -0.331154   -0.300817
0.224341   -0.0310243   -0.11718
0.380754   0.0137088   2.35351e-05
-0.214953   -0.414988   0.0815011
0.219668   -0.475943   0.33836
0.148918   -0.155068   -0.349039
-0.0191453   0.200518   -0.0545193
-0.260905   -0.138818   -0.208307
-0.0305432   0.328266   0.340022
0.493784   0.0228151   0.244719
0.327339   -0.495395   -0.234016
0.0874484   -0.000300916   -0.25891
0.0762953   0.204956   0.48606
-0.433076   -0.108149   -0.321657
-0.449665   0.285797   -0.29294
-0.329669   0.486917   0.207523
0.377389   0.190988   0.115405
0.0459459   -0.404682   -0.155956
0.410889   -0.308748   0.316421
0.106418   -0.234312   0.370513
-0.0505703   -0.487426   -0.0195725
-0.216713   -0.263367   0.240659
0.38382   -0.331464   0.0916822
0.324656   0.0774336   -0.234109
0.448991   -0.492391   0.390826
0.186178   0.0380839   0.232971
-0.180658   0.193251   0.484096
0.487058   0.175149   -0.101296
-0.000431975   -0.228136   -0.479547
0.338291   -0.123301   -0.249818
0.17578   -0.1561   0.0840554
0.476211   0.47619   -0.395
0.191077   0.235835   0.284987
0.152725   -0.232723   -0.106947
-0.245073   0.244542   -0.333885
-0.0833605   0.324602   -0.402484
0.370775   0.147995   0.36333
0.260542   -0.289581   -0.475291
-0.428438   0.357614   0.485443
-0.372311   0.14598   0.435217
-0.196657   -0.362497   -0.110299
-0.485844   -0.288589   -0.482101
-0.0153993   0.101835   0.340649
-0.384962   0.449545   -0.214618
0.313228   0.322484   -0.105032
-0.365008   -0.420987   0.443115
-0.494129   -0.147492   -0.105313
0.220464   -0.407052   0.000455222
-0.0223448   0.30675   -0.223807
-0.232674   -0.201185   0.0211929
0.0837885   -0.0245582   0.496117
-0.280749   -0.0245059   0.266816
-0.41234   -0.365665   -0.0872868
0.478917   0.480562   0.153566
0.431461   0.498443   -0.0451055
-0.0370945   -0.361096   0.337688
0.341001   -0.30745   -0.100878
-0.289333   0.0116154   -0.409522
-0.0421998   -0.191453   -0.167419
0.108742   0.411159   -0.495709
0.114511   0.367674   -0.0663668
-0.026926   -0.274981   0.0629578
0.13243   0.440618   -0.28736
0.23747   0.125026   -0.468664
0.179266   0.171877   0.0422703
0.322794   0.337157   0.483841
0.286579   -0.484882   -0.431497
-0.00681449   0.103187   0.152581
-0.424545   0.294526   0.262987
-0.223744   0.304094   -0.151869
0.0432668   0.29209   0.126419
0.142887   -0.321707   0.207552
-0.343464   0.140153   0.179347
-0.414808   -0.348837   0.137896
0.366623   0.34401   0.281313
-0.126396   0.466495   -0.195906
0.0471149   0.482632   0.207332
-0.238747   0.213602   0.0279095
-0.354191   -0.114883   0.440832
0.00867848   -0.0204172   -0.0337804
-0.341262   0.133833   -0.200961
-0.0442146   0.0929547   -0.403988
-0.0417243   -0.363743   -0.33879
-0.14284   0.373815   0.154265
0.428164   -0.115843   0.120628
-0.45472   0.337275   0.0329989
0.451463   -0.0742733   -0.484811
0.107169   -0.40242   -0.490734
-0.0679279   -0.120397   0.256372
-0.19773   0.232073   0.274458
0.293833   -0.108835   0.35192
0.443468   0.12847   -0.392171
