-0.160819   0.172395   0.996979
-0.739874   -0.597422   -0.0388069
0.416792   0.182651   0.513961
2.04057   -0.552768   -0.320376
-0.107662   -0.651927   1.28535
-0.536405   1.05044   0.0351589
-1.24058   -0.812656   -0.515812
-0.452691   -0.176545   -0.573419
-0.377505   -0.840943   -0.493725
0.718735   1.13373   -0.267995
0.696925   -0.36009   -0.476633
0.795426   0.382527   1.42641
-1.09716   -0.903562   0.511865
1.13953   -0.821837   -1.14924
0.215036   0.991313   -0.23687
0.475815   0.421139   0.301866
0.0968779   0.294587   -1.15423
-1.50175   -1.13415   -0.94338
-0.0965334   -0.0627445   1.36895
-1.17121   -0.0162236   -0.0455507
0.536269   1.59906   -0.2183
0.209072   -0.415122   0.593015
0.74643   -0.189437   -0.766472
-0.227044   1.46774   1.10961
-0.0496865   -2.06676   -1.048
-0.216734   -2.0696   -1.99154
0.00145984   -0.965815   0.822154
2.05523   0.417919   0.532438
0.417726   0.232366   -0.976298
-0.330061   0.150856   -0.399704
-0.386851   -0.562427   0.155918
1.35752   1.10042   0.465022
-2.7202   -2.16032   2.38312
0.794884   -0.623912   0.933608
-0.393188   0.505215   -1.83555
-0.511868   0.530625   -1.16412
-0.65835   1.14409   0.598615
1.23754   0.803951   0.80648
-0.345932   0.620717   0.536638
-0.480126   0.756866   -0.383321
-0.677033   -1.00319   0.596489
-1.90818   -0.143229   1.819
-0.11696   -0.231714   0.124743
0.745082   2.81727   -1.61279
0.428387   1.15754   -0.758259
0.422504   0.58224   0.530305
1.77777   0.88626   -0.714414
-1.18498   -1.01851   -1.23858
1.82599   -0.500744   -0.128195
2.22944   -0.854163   0.350876
0.195562   0.340186   0.428879
-0.628444   -0.31691   -0.958696
-0.0778772   -0.819348   0.321493
0.400353   -1.25777   1.17321
-0.481495   0.220257   -1.28866
-0.686176   0.224473   -0.207217
-0.342426   -0.521467   0.844153
-0.137923   1.02555   -1.46448
-0.400737   -0.0759841   0.00173351
-0.598215   -0.463629   -1.42599
-0.938786   1.82145   -0.596519
0.133169   0.582569   -0.471295
-0.157533   1.43717   -0.767063
-1.36152   1.45319   0.381291
0.508652   -1.19032   -0.696066
-0.477265   -1.31697   -1.21858
0.548763   -1.36492   -0.761322
1.03799   0.191924   0.436143
-1.04997   -0.11444   -1.29971
-1.10258   -0.297684   -2.00124
-1.05048   -0.151889   0.491666
-0.67799   0.883409   -1.54032
1.01113   0.12916   -0.299953
-1.91383   -0.380031   1.08899
0.804636   -0.0556512   -0.464198
-1.67249   0.0800007   -1.10964
-0.524499   -0.453659   -0.0976241
-0.425362   0.978221   1.00882
0.395365   -0.255055   0.655527
-0.869   1.55049   0.0843004
-0.95039   0.770215   1.77469
0.521079   1.01116   -1.89316
-0.106404   1.91128   0.033128
0.728023   1.36393   2.0156
0.149099   -0.783923   -1.68846
0.00655315   1.46417   1.33995
0.236765   0.736598   -0.603682
0.559613   -0.241724   0.571828
-0.232948   -1.37491   -1.29906
0.779186   -0.593825   1.30776
0.834138   -0.239028   -0.862518
0.485394   -0.973914   -1.65587
2.02014   -1.63801   0.871886
0.62655   -1.5495   2.65178
0.935277   -0.296696   -0.318338
-0.844222   -0.40311   -0.193706
0.139815   -0.445468   0.999234
0.750856   0.560981   2.13514
0.448111   -0.533362   -2.4028
1.0071   -0.459523   -1.67133
-1.1689   -1.72131   -0.231739
2.01379   -0.457575   2.98072
-1.56348   1.82814   3.33099
0.514066   -1.70678   0.791222
1.37495   0.878817   0.76309
-1.76156   -0.437717   -0.454078
-0.677635   0.782173   0.733171
0.0223791   1.00045   1.37991
