-0.497333   0.488528   0.499695
-0.344967   -0.335458   -0.496971
-0.495666   -0.317956   -0.329238
-0.342948   0.496538   -0.349638
-0.139288   -0.486283   -0.480503
0.0151733   -0.320618   -0.48841
-0.13476   -0.316725   -0.327979
0.013933   -0.499451   -0.320132
0.15646   -0.499597   -0.491745
0.319284   -0.33319   -0.488737
0.178874   -0.339903   -0.322065
0.31364   0.487231   -0.344019
0.494224   -0.177163   0.487493
-0.341818   0.0101274   0.491619
-0.490206   -0.0048204   -0.355027
-0.32172   -0.164392   -0.33365
-0.155477   -0.166352   0.495918
-0.00314348   -0.00216783   0.496345
-0.17082   -0.00493416   -0.338193
0.00165963   -0.145273   -0.337466
0.162385   -0.15628   0.484633
0.336239   -0.00911554   0.49116
0.165272   -0.00297933   -0.343335
0.324035   -0.170805   -0.32696
0.497175   0.158238   0.482696
-0.308625   0.320669   -0.492877
0.49658   0.318841   -0.347645
-0.327484   0.157527   -0.329166
-0.163127   0.162155   -0.496377
0.0147335   0.31932   0.495023
-0.140397   0.338132   -0.329716
0.00199243   0.154695   -0.324811
0.170941   0.148176   0.48336
0.326487   0.329975   0.496351
0.146242   0.307418   -0.320482
0.330444   0.160964   -0.36689
0.484951   0.489237   -0.191429
-0.31271   -0.328857   -0.179412
-0.494214   -0.329715   -0.0302958
-0.325114   -0.49123   -0.0262541
-0.1695   0.492263   -0.188144
0.0184084   -0.325584   -0.155583
-0.164495   -0.330978   -0.00182303
0.00771698   -0.483774   0.00448547
0.165839   0.48907   -0.15979
0.330395   -0.331453   -0.169206
0.169467   -0.320961   0.0114622
0.320506   0.496688   -0.010357
0.492918   -0.161748   -0.151631
-0.348909   0.0033004   -0.16165
-0.488387   0.00409176   0.0125306
-0.331869   -0.168207   -8.27356e-05
-0.161779   -0.173038   -0.155153
-0.0128223   -0.0124897   -0.157011
-0.182776   0.0176699   0.00570422
-0.0241636   -0.158473   0.00857794
0.155249   -0.155099   -0.175697
0.344096   0.0204627   -0.171068
0.158201   0.0048983   0.000762213
0.347957   -0.140699   0.00507124
-0.498575   0.185433   -0.145974
-0.329847   0.323665   -0.17649
-0.489445   0.362316   0.00544345
-0.3485   0.193527   0.0100286
-0.163507   0.165627   -0.171444
0.001229   0.315694   -0.144191
-0.166535   0.334617   0.00744555
-0.019258   0.162376   0.00201963
0.172056   0.141341   -0.181014
0.325165   0.328353   -0.15649
0.161928   0.314505   0.0198039
0.334538   0.170112   0.0101661
-0.497167   0.495105   0.172259
-0.352334   -0.342225   0.16309
0.484331   -0.337232   0.344479
-0.335936   0.480637   0.352578
-0.170772   -0.481346   0.164695
-0.0105757   -0.322937   0.180289
-0.185039   -0.346985   0.322945
-0.0102759   -0.487831   0.321505
0.169904   -0.478236   0.158499
0.356698   -0.315789   0.140894
0.158271   -0.333072   0.330695
0.337731   -0.496853   0.327355
-0.480589   -0.147684   0.160151
-0.332444   0.00850979   0.165358
-0.493024   0.00604946   0.331723
-0.340104   -0.176151   0.347913
-0.177206   -0.171403   0.179482
-0.0135268   -0.0140201   0.161022
-0.189146   0.00623197   0.338966
-0.00869108   -0.173498   0.327302
0.166212   -0.167586   0.166375
0.324251   0.00495456   0.159355
0.163588   -0.0128009   0.309956
0.328671   -0.181024   0.334377
-0.493472   0.179328   0.17808
-0.328347   0.340291   0.173438
-0.481656   0.315698   0.340686
-0.317493   0.178634   0.34302
-0.157089   0.163834   0.170375
-0.00898778   0.333731   0.169302
-0.150903   0.338926   0.325574
-0.00504584   0.169376   0.335456
0.156915   0.154674   0.188629
0.3407   0.33358   0.173125
0.177705   0.318765   0.342023
0.328527   0.150395   0.333173
