-1.86659   0.64657   -1.22411
-2.01878   -0.635697   -0.731537
0.132403   -1.01585   -0.822986
0.799706   0.825809   -1.28199
0.355229   0.54638   0.996596
0.346438   0.0434788   0.116414
0.29668   0.969208   -0.35253
-0.763255   -0.287546   0.693289
0.173143   0.870528   -1.02231
-0.418194   -0.566366   0.669269
0.309187   -1.84673   -0.554824
0.675833   -0.388069   -0.554132
-0.19715   -0.278394   0.181664
0.390511   -0.0663968   0.824088
0.475583   1.08138   -0.105219
1.905   -0.587783   -0.182692
0.690561   0.183566   -1.16057
-0.774194   0.418995   -0.712672
0.0977071   0.171805   1.13619
0.751825   0.170818   -0.356803
0.680052   0.6299   0.233303
-0.154035   -0.0510885   0.994851
1.47155   -0.451678   0.103642
0.116382   1.59368   -1.36783
1.96699   0.355682   0.127842
0.215188   -1.60311   1.73585
-1.83665   0.00458015   -0.696282
-1.52425   -0.631781   -0.268395
-0.320615   -0.733277   0.135538
0.871121   -0.62999   -1.11561
-1.20616   -0.383775   0.0622197
0.0823495   0.0160132   -0.124319
0.430661   0.520712   0.591117
-1.72611   0.477102   1.34368
0.18814   -1.33799   0.585577
0.0261557   -0.821384   -0.269448
1.14725   -2.20438   0.235078
-0.609251   0.101743   -0.88
0.654863   0.195876   -0.956878
0.0236317   0.860741   0.625172
-0.257248   0.834171   0.207232
0.324663   1.91005   -0.762811
0.0293902   0.543214   0.555492
-0.0280894   -0.540652   -0.362338
-0.0689498   0.891352   1.94646
0.0862683   0.340561   -0.582462
0.00740835   -0.735978   0.225082
1.43303   0.778409   0.0217225
-0.171929   -1.6341   -0.323502
-0.69901   0.775356   0.766698
-0.394908   0.00311833   0.438505
-0.133171   0.0540626   -0.754283
-0.704812   -2.05765   -0.385671
-1.60472   1.11245   -0.435016
0.611577   -0.546403   -2.57141
-0.499413   0.442975   -0.648783
-1.25143   -0.0318426   0.853301
-0.49376   0.864515   1.28129
0.366333   -0.771488   0.202734
1.44884   -0.378443   -0.143215
-0.0486918   0.0129558   0.721298
0.703935   0.0460387   -0.434499
0.0241508   -0.608127   -1.03641
-1.32046   1.08731   0.953066
-0.607212   -2.05482   -0.863995
0.414058   -1.23215   0.247779
0.537181   -0.208256   -0.301665
-1.03626   -0.962868   0.220506
-1.05997   -1.09954   1.25668
-0.345444   1.01755   0.936668
-0.881809   -0.14349   -0.585541
0.125021   -0.463092   1.08885
0.698696   0.879979   -0.5586
-0.10319   0.455413   0.420268
1.17614   1.31999   1.93006
0.775901   0.800729   -0.723329
1.29271   0.563174   -0.260276
0.0546014   -0.279718   0.852303
-0.0193425   -0.312195   2.22208
0.22879   -0.623372   -0.951427
-0.359642   0.723102   -1.07854
-0.0470098   1.68865   0.676514
0.223243   1.16307   -0.791566
-1.02124   -0.861978   -0.959758
-0.477122   0.931971   -0.604111
-0.180169   1.71539   -1.1682
0.843961   1.23155   -0.73464
0.369322   0.480845   -0.22465
-1.84503   1.48335   0.11147
0.777941   -1.52897   0.0541687
0.213874   0.0697102   -0.920572
-1.0493   0.0717322   0.488553
-0.394326   1.09632   0.58621
0.236635   0.821381   2.25014
-0.399548   -0.418288   -0.889651
0.619226   0.37776   0.99323
-0.473212   -0.461781   0.516059
0.906981   -0.845308   -0.811054
-0.615259   -0.700723   -0.404438
0.157954   -2.01641   -0.915326
-0.0359469   -1.63465   1.2755
0.0120603   -1.52096   0.303079
-0.632646   -0.643775   0.686901
-1.16141   0.793253   0.345703
0.664643   1.49906   0.378811
2.47854   0.548732   0.026375
1.84644   -1.19721   -0.453375
-1.1268   0.921746   -0.0499026
