-0.420829   -0.233099   -0.460511
0.381592   -0.0729895   0.27935
-0.447247   -0.450744   0.388335
-0.0636661   0.395117   0.335359
0.130504   0.388565   0.402798
-0.486172   0.0597292   -0.272019
-0.213244   0.46484   -0.150788
-0.096098   -0.152355   0.355701
-0.264051   0.39987   0.425473
-0.0225827   -0.1075   0.10433
0.00472889   -0.365183   -0.167185
-0.0320044   -0.223207   -0.14431
0.239465   -0.412486   0.482907
-0.072362   -0.128053   -0.307436
0.387017   0.0774432   0.00701919
-0.0297604   -0.378997   0.410498
-0.43218   0.482337   -0.159321
-0.100418   -0.396575   0.125752
-0.00974566   0.490729   0.367638
-0.299964   0.477648   0.287286
0.140589   -0.470413   -0.0231481
0.451235   0.0792335   0.0646233
-0.166146   -0.389819   -0.200511
0.224239   0.425149   0.0336141
0.279961   0.373708   0.451561
-0.210365   -0.485892   -0.377951
-0.434391   0.402395   0.19824
0.0473046   -0.0779946   0.241603
0.0159512   -0.402891   0.494494
0.479204   0.15768   0.495733
0.0178348   0.0602293   0.205817
-0.19298   0.367905   -0.49026
-0.0162019   -0.374538   0.273914
-0.281444   0.28107   0.479659
-0.216242   -0.311558   -0.346335
-0.271131   0.237967   -0.320956
0.136149   -0.213048   0.251606
0.309981   -0.491524   0.31456
-0.146713   -0.163588   -0.388807
0.474763   -0.308757   -0.0105792
-0.00268407   -0.243554   -0.418245
-0.00991316   0.302873   -0.403628
-0.106251   -0.340773   -0.132978
0.20342   -0.408278   -0.284547
-0.178842   0.492625   0.156906
0.20787   -0.325962   0.148303
-0.210456   -0.306669   0.127236
0.398085   -0.278291   0.0136906
0.461555   0.306225   0.399364
-0.274798   0.378203   0.327843
-0.0301118   0.478732   0.273589
0.0166374   -0.128048   0.0244133
-0.365373   0.243787   -0.0421369
-0.153257   0.0924479   0.0644849
0.387388   0.00536867   -0.400357
0.0342456   -0.199475   -0.347213
-0.298515   0.459559   -0.108068
0.448353   -0.38369   0.00101132
0.239272   0.199179   0.210882
0.321335   0.385817   0.0314048
-0.0178453   0.411864   0.408994
0.489881   0.266656   0.153082
-0.307527   -0.277384   -0.244561
0.0862886   0.270721   0.38179
-0.33232   -0.359283   -0.0619007
-0.341886   0.285607   0.208912
-0.308145   0.0126246   -0.336454
0.0811824   0.0138849   -0.190111
-0.320968   0.320668   0.384584
-0.293293   -0.220575   -0.302481
-0.154311   0.404115   0.204622
-0.295531   -0.382986   -0.319185
0.198151   0.203706   0.122719
0.155593   -0.258667   -0.29437
-0.2753   0.0426515   0.0534317
-0.449028   0.481933   0.222657
0.460216   -0.441512   -0.0723791
0.174124   -0.276403   -0.069754
0.425559   -0.0890782   -0.40742
-0.449006   0.405281   0.288588
0.275328   0.412092   -0.0534425
-0.113817   -0.300785   -0.208818
0.252454   -0.134509   0.341494
-0.011681   0.0152161   0.130091
-0.0736052   -0.351473   -0.462176
0.275739   -0.304329   -0.430179
0.0944943   -0.271378   0.139677
-0.253885   0.302759   -0.381942
-0.372428   -0.350125   0.488582
-0.220066   0.280838   -0.0424833
-0.173068   0.353761   -0.116151
0.216062   0.295599   0.457642
-0.129962   -0.240795   0.152088
0.310135   0.483139   -0.0188981
0.00318035   -0.0304069   -0.207029
0.424708   -0.183888   0.102504
-0.0794172   -0.0688511   0.147121
-0.409593   -0.240866   0.396007
0.0798965   -0.332613   0.349545
0.142601   -0.0508185   -0.421728
6.30961e-05   0.322257   -0.497396
-0.213753   0.2434   -0.437692
-0.131152   -0.171121   -0.0341179
0.132648   0.264404   -0.474075
-0.417632   -0.402695   -0.184891
0.0289343   -0.408159   0.338156
0.485604   0.190804   -0.40748
0.469838   0.124247   -0.0948778
