-0.168246   0.913689   1.512
0.878845   -0.757159   0.49023
-0.179853   1.0485   -1.88007
0.201003   1.0284   0.354215
-0.812575   -0.512939   -2.8984
-0.217811   0.549547   -0.240104
-0.992709   2.28657   0.854766
0.196136   -2.28262   0.190921
2.59759   1.38263   0.304733
0.653027   -0.274258   2.08918
-1.85431   -0.863339   1.26467
2.81751   0.423333   0.0157685
0.977908   -0.735862   0.70986
0.674282   -1.07144   0.466171
-0.137256   -0.231009   -0.179568
-1.16288   -0.625588   0.378807
-0.863994   1.91193   -1.37065
0.565235   1.12655   0.749777
-0.80792   0.571907   0.203577
2.57803   -1.55766   -0.478031
2.27793   0.790779   0.0766737
-1.00256   0.270527   0.484878
0.0198554   -0.559523   -1.60251
-1.10361   3.31677   1.42352
0.410584   -1.06932   -1.2899
0.966971   2.35336   0.60455
0.661046   0.24893   -0.227945
-1.22735   2.2171   -0.986462
0.543054   -0.981092   0.0867008
0.113343   0.420106   -0.842787
0.659576   2.14995   -2.6309
-0.734142   0.351471   1.80186
-0.751665   0.0397879   -1.26871
-1.41024   2.88632   1.30158
1.73794   -1.18954   -1.10947
0.504636   0.288713   0.509226
2.21614   0.585761   -1.92431
-1.11031   0.634356   0.140123
-0.333908   0.511355   0.691968
-0.290931   -2.49187   0.483216
-0.149135   -0.336013   -0.502949
-0.919255   0.955733   1.56248
0.0736806   -0.40974   1.24571
1.7067   -1.40539   1.64531
-2.43867   -0.433932   0.837792
-0.529362   -0.203253   -0.609797
1.36059   -0.815264   0.161249
1.04291   -0.396325   0.789055
-0.132738   0.0560158   -0.0180967
-0.136179   0.661703   0.750306
0.897745   -0.422902   0.842382
-0.213241   -0.128568   -0.769309
-0.437876   -0.838116   -0.824193
-1.4439   -1.88777   -0.327148
0.812564   -2.08664   -0.283992
0.731702   -0.271953   -0.565697
-1.44678   1.27308   0.159955
0.314565   1.70656   0.557823
0.572548   0.167202   1.78954
0.0621592   -0.583193   0.03364
0.052085   0.858431   1.1526
0.633901   0.61963   1.53507
0.309025   -1.09989   0.164737
1.1356   1.36108   0.134224
-1.93991   -0.208903   1.2102
-0.356068   0.482559   0.0722668
1.80979   1.10941   -2.95162
-0.902698   -2.14845   0.256138
-0.0314305   2.21797   0.609255
1.19016   1.70798   -0.455111
1.58604   -1.3958   0.231638
0.228671   -0.624213   0.00749191
0.209533   0.170549   -0.47003
0.00340287   0.224277   0.27365
0.214278   0.399778   -1.70851
1.36748   0.627171   0.0175487
-3.05086   -2.9857   1.13059
0.242754   -3.23378   -2.06036
1.25386   2.56763   -0.618213
-0.811835   -0.984306   0.105414
0.508795   -1.6065   -0.194021
-1.25595   0.823685   1.07437
-0.950564   -0.330797   0.950674
0.0472976   0.155998   0.417285
1.00908   0.0873791   -0.574479
-0.625838   -0.600534   -0.188749
-0.0888332   -1.79118   0.195742
-0.720163   1.50082   -1.20619
-0.036818   0.515568   0.534836
0.86476   0.212299   -0.979817
0.366756   -0.992831   -0.256824
-1.40864   -0.795493   0.892788
-1.18137   -2.28247   -3.07279
-0.441757   -0.24722   -0.586845
-0.660208   -1.35472   0.848596
1.21466   0.847483   -0.482784
0.435232   0.331453   0.380457
-1.68605   0.825876   -0.537908
-1.48262   -1.05172   1.28055
0.74489   0.955648   -1.968
0.358636   -1.34696   -0.558672
0.984327   -0.365239   -0.653229
-1.88933   -0.30884   1.23096
-1.74027   -0.303978   0.929257
-0.0719511   -0.425524   -1.30924
-2.16672   -0.299504   0.201559
-1.13711   -0.189436   0.684192
1.04959   0.664945   -0.421906
