-0.0455456   -0.121875   -0.46895
0.162243   0.160081   -0.0457686
0.148894   -0.0794578   -0.130616
0.04507   -0.252648   -0.190197
0.361732   -0.129949   0.0981594
0.367249   -0.26698   0.30002
-0.109463   -0.0726898   0.346192
-0.264264   0.160891   0.460621
0.313583   -0.331083   0.114018
-0.402915   -0.3981   -0.387239
-0.248547   -0.294937   0.101969
0.127764   -0.219574   0.428845
0.495615   0.0648618   0.152776
0.372819   0.0957165   0.44229
-0.222211   -0.0878222   0.0451085
-0.438907   0.225293   -0.00757986
-0.0823316   -0.400594   -0.0117602
-0.3031   -0.0154328   0.308922
0.183131   0.23808   -0.263161
-0.250039   -0.483268   -0.244983
-0.225231   -0.054246   0.494013
-0.175247   0.09754   0.199932
-0.488644   -0.113072   0.247742
0.309315   0.050432   -0.274544
0.303186   -0.178425   -0.227343
-0.073493   -0.160676   0.176855
0.325273   0.229984   0.10261
0.27861   0.382181   -0.0643783
0.0381337   -0.393037   0.470228
0.350766   -0.383633   -0.263741
-0.140058   0.371942   -0.178416
0.300574   0.234044   -0.434679
0.201465   0.00872607   -0.478798
0.202239   -0.341848   -0.0676805
0.166557   -0.491126   0.0582949
0.311924   -0.153806   -0.464309
-0.428907   -0.41376   -0.179409
-0.267971   0.271987   -0.36158
-0.283467   0.357687   0.213731
0.0792616   0.360822   -0.065598
-0.0291099   -0.435865   -0.207579
0.0604234   0.409945   -0.366392
0.498162   0.403843   -0.452041
-0.122591   0.318537   0.0705611
0.138361   -0.392054   0.264724
-0.0113244   0.46659   0.174564
0.327785   0.49842   0.326848
-0.114238   0.0158611   -0.0980513
-0.131177   -0.321011   -0.385931
0.439738   -0.00438362   -0.142728
0.479362   -0.0764765   0.451284
0.282025   0.306352   0.387434
-0.45891   0.250048   0.22569
0.151691   0.355382   0.225721
0.423599   0.374599   -0.238997
-0.357241   -0.202198   0.398533
0.413446   -0.278946   -0.0719711
0.0905327   0.0626628   -0.319974
0.150283   -0.389433   -0.354432
-0.222759   -0.457734   0.199184
-0.0443227   0.252309   -0.308714
-0.139836   0.493393   0.370372
-0.478845   -0.444357   0.419781
-0.125877   0.271798   0.322776
-0.211987   0.161337   0.0149787
0.309881   -0.0549564   0.309497
-0.339493   0.366169   0.425192
0.0147959   0.102076   0.272999
-0.392785   0.371901   -0.154232
0.278636   -0.366786   -0.496284
0.478481   0.148316   -0.348871
-0.228094   0.142154   -0.203682
-0.139776   -0.133708   -0.233938
-0.148252   -0.259125   0.409199
0.122097   -0.0742747   0.274787
0.115744   -0.199723   0.0645339
-0.33181   -0.0264252   -0.152903
-0.0439679   -0.335562   0.267905
0.118142   0.4155   0.426966
0.217021   0.156396   0.265404
0.372434   -0.463461   -0.0902737
-0.344998   0.0441881   -0.354749
0.0300629   -0.00816848   0.0669979
0.11004   0.23548   -0.452839
0.260893   0.0458847   0.0705018
-0.0286922   0.18039   -0.126248
0.190441   0.497154   -0.209332
-0.22227   -0.291773   -0.137399
-0.294854   -0.406083   0.388738
0.0540132   0.225164   0.121983
0.355016   0.223672   -0.151615
-0.476701   0.480409   -0.0170199
-0.0770459   0.329974   -0.495453
-0.435237   -0.372511   0.218705
0.481966   -0.0920909   -0.318668
0.000488024   0.0904206   0.464224
-0.0565879   -0.184344   -0.057141
0.377266   0.442094   0.128635
-0.425001   -0.157   0.0599517
0.136409   -0.14038   -0.329143
0.27184   0.43159   -0.435271
-0.457012   0.232919   0.447947
-0.428774   -0.205673   -0.173417
-0.268091   0.472514   -0.0451832
-0.315033   -0.201523   -0.365939
0.456228   -0.283866   -0.412942
-0.2046   0.487015   -0.436457
-0.0950711   0.0252097   -0.3424
