0.239989   1.23086   0.511561
1.53848   -1.53166   -0.545129
-0.0851705   0.214568   -1.17078
0.0575526   -0.751347   -0.0673831
-0.7767   -0.187226   0.21035
-0.746179   -1.15951   -1.10258
-0.0884325   1.03997   0.224168
-0.33587   -0.278153   2.01028
-0.948542   -1.04611   -0.636159
-0.0522182   -0.123922   -1.84481
-0.659828   1.08228   -0.582787
0.467055   -1.3545   2.80188
1.23999   -0.623589   -0.335005
-0.649346   -0.159619   -0.529014
-1.23728   0.15722   0.133365
0.0400861   1.82016   1.76149
0.765344   0.305708   -0.142448
2.644   -1.04862   0.349343
0.0884131   0.460023   -0.180288
-1.51368   -0.410387   0.334892
-1.14382   -0.118845   0.352054
-0.347483   0.498772   -0.716153
-0.291973   -1.8359   -2.1418
0.225592   -0.428906   -0.3757
0.670375   -0.585919   -0.329214
1.04835   2.00176   -0.0649364
-0.391395   0.4288   0.148685
0.199398   2.40372   0.852426
-1.0717   -1.15502   0.902335
0.470522   -0.538523   -0.352019
1.76669   0.468647   -0.544362
0.336695   -0.284397   0.640302
-0.801633   0.347613   -0.563734
-0.262498   0.491807   -1.16447
0.630369   -0.352125   0.175405
0.139347   0.534036   1.36943
-0.680326   1.27561   -1.10705
1.92261   -0.231519   -0.759544
-0.605493   -1.76841   1.6124
-1.15948   0.425707   -0.126987
0.172507   -1.19677   1.36493
-0.118113   0.449202   -1.93111
0.484429   0.964365   0.486323
0.174936   1.17852   1.218
-1.22129   -1.4128   0.49113
1.76267   0.353305   0.704164
0.242674   0.0802018   0.291731
0.196033   0.867075   0.1443
-0.0370489   1.79994   -1.11722
0.428145   0.729776   1.22602
0.695582   1.58917   0.872861
-0.729966   -0.361736   2.23777
1.46905   0.371254   -0.369626
-0.659179   -1.96797   0.315608
0.990136   0.353749   2.50295
-0.392103   0.987171   -1.85426
-1.28852   1.52583   0.425432
0.932923   0.216136   -0.943093
-0.473175   -0.91706   -1.26861
0.62704   -0.788163   -0.852554
-1.25388   0.170355   -0.0719079
-0.943955   0.268175   -0.0518846
-0.289824   -1.40976   -1.02212
-0.946749   1.16191   0.190857
0.297945   0.846458   1.07045
1.20072   0.256414   -0.556203
0.0871307   0.195323   -0.123504
0.0532048   0.622358   1.1602
0.964153   -1.18593   -0.225623
0.842421   -0.352814   0.460174
0.811487   1.17049   -0.29357
-0.610775   -0.219618   -0.656991
0.733818   -0.118725   -0.173385
-2.01255   -1.27147   0.292401
-1.19673   -0.638953   1.62562
-0.521943   2.07427   -1.31014
0.849604   0.246783   -0.0124772
-3.51371   0.29133   -1.67214
0.528192   -1.81529   1.66601
0.205067   -1.80331   -0.276347
0.32363   1.31048   -0.518373
0.938183   2.12937   0.197958
0.179027   0.506338   -0.477291
1.01219   0.482426   -0.576957
-1.60675   -0.189134   1.58868
-0.583556   -1.14665   0.314634
1.50752   -1.64873   0.57261
0.0705728   0.0341471   -0.981872
0.713812   -0.274175   2.39979
0.584284   0.71059   -0.695256
-1.06435   -1.45454   1.36253
0.442563   -2.1069   0.636196
0.361719   -0.134262   -0.0191264
-1.53487   -0.983488   -0.209968
0.772891   -1.17547   -0.124632
0.622672   -0.901155   -0.156598
0.262993   -0.0509604   0.613475
0.272994   -0.201939   -0.79383
-2.289   0.285044   0.0521517
-0.321172   -0.627477   0.520225
0.0602776   0.263157   -0.543867
0.11469   0.61725   -1.40679
-0.0827831   1.52979   -0.0452378
1.53056   -0.658199   1.13819
-0.217582   -2.21549   -1.60656
-1.01068   0.963126   -2.25389
0.296345   2.54381   -1.18863
-0.538322   -0.129204   -0.769766
