-0.495396   -0.482217   0.498992
-0.343649   -0.333857   -0.480494
-0.488736   -0.321962   -0.321429
-0.330154   -0.497878   -0.306304
-0.17465   0.480835   0.489418
0.011306   -0.339211   0.486617
-0.175234   -0.342482   -0.348281
-0.0111024   -0.494581   -0.351097
0.177282   0.495459   -0.47983
0.333894   -0.331966   -0.491115
0.1594   -0.327159   -0.33106
0.347354   0.491636   -0.334945
-0.475994   -0.162351   -0.496471
-0.323779   0.00573019   0.485692
0.491835   0.0101222   -0.332816
-0.321032   -0.170848   -0.331413
-0.156773   -0.158702   0.486254
0.013687   0.0184488   0.481742
-0.152628   -0.000814506   -0.347938
0.00446033   -0.162092   -0.338807
0.166754   -0.170954   0.49081
0.351227   0.0108669   0.479189
0.165663   0.00948987   -0.319798
0.321067   -0.160744   -0.353807
0.485744   0.177154   -0.489286
-0.343575   0.33585   -0.499629
-0.48588   0.346251   -0.336892
-0.32863   0.161754   -0.331767
-0.159406   0.181479   0.495591
0.0228923   0.339837   0.492873
-0.162114   0.333038   -0.330329
0.0056494   0.177436   -0.347031
0.177427   0.183615   -0.498791
0.33524   0.330493   -0.495296
0.156159   0.337268   -0.33341
0.332161   0.182047   -0.314393
0.48975   -0.494431   -0.154505
-0.350244   -0.330867   -0.144459
-0.497147   -0.333818   0.00933777
-0.322   0.496549   -0.0134353
-0.14112   0.497709   -0.180499
-0.0190677   -0.316604   -0.168346
-0.161848   -0.338019   -0.00351978
-0.0133892   -0.491273   -0.0038905
0.137014   -0.488534   -0.188961
0.318955   -0.338587   -0.174633
0.140334   -0.33865   -0.0012558
0.316527   -0.496282   0.00619379
0.479356   -0.184002   -0.160512
-0.356212   -0.0252014   -0.171461
0.498169   0.00743137   -0.0133665
-0.33434   -0.166335   0.0154491
-0.178738   -0.165747   -0.150549
0.00623832   -0.00474705   -0.184746
-0.168523   0.00139767   -0.020157
-0.00816236   -0.166266   0.0155916
0.173482   -0.171226   -0.165499
0.333183   -0.0104942   -0.165009
0.161928   -0.00269793   -0.00226001
0.303474   -0.172692   0.008938
-0.49361   0.171374   -0.166824
-0.318039   0.31839   -0.168269
0.49276   0.322675   0.00484763
-0.320506   0.161542   0.0117817
-0.160373   0.149797   -0.171808
0.00855619   0.331939   -0.147161
-0.165939   0.330389   -0.00437818
-0.00508112   0.161463   -0.014698
0.158425   0.163575   -0.159577
0.318687   0.345653   -0.169067
0.175929   0.321527   -0.0035855
0.342741   0.159357   -0.000723907
0.472433   0.474835   0.159811
-0.327491   -0.351521   0.148828
0.493948   -0.317784   0.330876
-0.3527   -0.497462   0.325499
-0.174263   0.485239   0.155512
-0.0195632   -0.34865   0.190282
-0.180459   -0.36018   0.341819
0.00585285   0.490683   0.350368
0.16632   0.494938   0.185844
0.329534   -0.31683   0.169509
0.174976   -0.326795   0.335328
0.327692   -0.498227   0.345942
-0.494034   -0.172926   0.153243
-0.326703   0.0118782   0.191455
-0.486876   -0.0148155   0.334467
-0.330143   -0.176608   0.308562
-0.163443   -0.16219   0.176907
0.00847331   -0.00718814   0.161405
-0.16303   0.00620729   0.332845
-0.00729435   -0.158811   0.333715
0.163454   -0.161295   0.177444
0.362213   0.00265184   0.174625
0.176228   0.00072188   0.323
0.344927   -0.169106   0.332404
-0.484385   0.158084   0.184051
-0.317608   0.325066   0.17775
0.488855   0.339726   0.348363
-0.336619   0.171877   0.361478
-0.158253   0.153482   0.158368
-0.0049967   0.342788   0.150772
-0.17294   0.341967   0.323725
0.0063978   0.175893   0.320882
0.173479   0.163613   0.175574
0.327705   0.329294   0.15024
0.162142   0.339198   0.331542
0.344539   0.176963   0.333835
