1.60172   -0.962696   -0.184344
-0.121669   -0.600569   0.533283
0.134531   1.63579   1.10926
-0.840969   0.988536   1.67383
-1.47705   0.529384   -0.069982
-0.185003   0.0354767   0.814244
-1.73364   1.30231   -0.0909528
-0.962906   -0.576541   -0.408434
-0.789859   -0.467519   -0.849955
-0.206203   -0.0540411   0.757862
-1.17911   0.957566   0.947594
1.45044   -0.574294   -0.0999883
0.43926   -0.935925   1.29115
0.0796229   -0.398789   0.813371
-0.00843931   0.108925   1.8403
-0.0205209   -0.323671   -1.31106
1.84749   0.107532   -0.180953
-0.151212   1.7525   -0.209161
0.735479   -0.219083   -1.09397
-0.219818   -0.508875   -0.183217
-0.0230012   0.990889   2.36444
0.669769   0.581775   0.000571756
0.20734   -0.88754   -0.219384
1.09874   1.62151   0.335155
-0.872784   0.482932   -0.447878
-1.06282   -0.43757   -1.66515
0.87309   -0.982623   -0.445433
1.51253   0.938738   -0.424057
-1.12379   -0.69783   1.25705
0.291972   -0.864547   -1.35464
0.195834   1.03645   -0.231437
-0.222469   0.821639   1.10045
-0.0865629   1.59798   1.06314
-1.15896   -0.514154   1.77026
0.524971   -0.567686   -2.07043
0.0142226   1.08976   -0.465138
0.402165   -0.49828   0.156791
0.550814   -1.41471   2.07747
1.02832   -0.812901   0.997681
0.822096   0.886355   -2.30786
0.312644   -0.0847674   2.08822
0.0101995   -0.560352   -0.782403
1.0514   -1.57974   0.261041
0.0897904   0.135426   -0.0763181
0.602684   -0.849804   0.544796
1.4091   -0.76317   0.691626
-0.135715   -0.0128387   -1.12396
-1.22288   -0.906396   0.716658
1.30063   -0.752912   -1.07549
1.2486   0.439377   1.12638
0.638544   1.22937   3.47619
1.28375   -0.531317   -0.797428
-0.160282   0.0770464   -0.192141
0.0714717   0.540559   -0.383917
1.74404   0.162436   0.132259
0.101926   0.600295   0.309073
0.917305   1.04375   -1.00323
-0.733397   1.05322   -0.303185
-0.745684   0.777089   0.0334581
0.655568   -0.656803   -0.643528
1.30731   -0.941104   0.533198
1.65444   -0.0409802   -1.61587
0.426172   -0.303923   0.773258
0.126   -0.710358   -0.243845
-1.30086   -0.754485   0.546721
0.519723   -0.658513   0.385171
0.0701387   0.138674   -1.17605
-0.994798   0.146232   0.0617126
-0.243895   -0.160812   -0.628581
0.186156   1.06646   -0.638593
-0.0452678   -0.223557   -1.57991
-1.40147   3.09142   -0.308597
0.551703   -0.333728   -0.686947
-0.943631   0.583196   0.0669338
-0.400605   -1.14606   0.370432
0.498236   0.473823   0.855014
-1.29251   -1.77575   -0.169905
-1.34091   -0.158584   -0.542665
0.58935   -0.50717   -0.683831
0.0842996   -0.697327   0.799756
-0.211148   -1.16132   0.321028
-0.390299   -0.041128   0.435699
0.680303   0.884489   -1.93787
-2.42103   -0.659141   0.652902
-1.10697   0.744696   -1.0129
0.170706   1.04456   -0.916373
-1.04334   -0.0761221   -1.33972
-0.342761   -0.987612   -0.329414
-0.84418   0.133943   0.353621
-1.05957   1.40787   -0.981944
-0.576397   -1.50622   -1.09442
-0.981063   0.0655064   0.924029
-0.557672   1.27155   0.531936
0.88226   -0.0868302   -0.809444
0.472668   1.13165   0.230776
0.313572   -1.05396   -0.799211
-1.38712   -0.503662   -0.444346
0.557896   -0.804899   -0.680029
-0.0692231   -0.883452   0.102182
0.167838   -0.342007   -0.532963
-0.705872   0.0136776   1.38488
-0.673065   -0.938655   -0.418517
-2.43095   0.68971   -0.0570841
1.18487   -0.0218479   0.306438
-0.478301   1.61693   -0.0521832
1.04251   -0.423934   0.126826
-0.385454   -0.222422   -0.19911
1.66888   0.094511   0.52922
