0.499009   -0.488179   -0.493503
-0.336394   -0.340544   -0.481834
0.493793   -0.344098   -0.32427
-0.321909   0.497172   -0.319113
-0.168093   -0.498163   -0.499214
0.00129778   -0.3315   0.497463
-0.162527   -0.328005   -0.326259
-0.00897619   -0.4978   -0.333208
0.159209   0.486969   -0.489061
0.332992   -0.33031   -0.487119
0.162391   -0.329388   -0.322389
0.330055   -0.494664   -0.329439
-0.497894   -0.175766   -0.495295
-0.337448   0.00515805   0.485322
-0.495229   -0.00983633   -0.34386
-0.342889   -0.163145   -0.334874
-0.16178   -0.167508   0.486356
0.00509427   -0.00490392   0.480233
-0.173171   -0.0106369   -0.348734
0.00189868   -0.165929   -0.343159
0.172807   -0.182994   -0.497342
0.325656   -0.0121536   -0.494789
0.158069   -0.00501626   -0.333516
0.334475   -0.175613   -0.32
0.495138   0.161481   0.486245
-0.327041   0.336457   -0.494862
-0.497117   0.327891   -0.334565
-0.328686   0.156892   -0.338622
-0.16806   0.158685   0.48861
0.00613774   0.340646   0.497351
-0.170289   0.323866   -0.335757
-0.00117003   0.16288   -0.334782
0.17017   0.17345   -0.499865
0.340203   0.331017   0.493322
0.160998   0.32393   -0.327492
0.336903   0.162189   -0.340289
-0.489141   -0.496865   -0.159459
-0.343937   -0.324258   -0.158433
0.491451   -0.336733   0.0152195
-0.331637   -0.49789   0.00829862
-0.172591   -0.498868   -0.161362
-0.000373029   -0.337433   -0.150196
-0.178527   -0.338455   0.00450491
0.0153908   -0.490155   0.00471979
0.166821   -0.493931   -0.157933
0.338767   -0.331997   -0.164019
0.180342   -0.322575   -0.00881636
0.336253   -0.485886   -0.00572228
-0.496761   -0.163009   -0.164723
-0.31563   -0.008946   -0.168562
0.487027   0.0112488   -0.00105354
-0.332973   -0.168117   0.00863232
-0.164547   -0.167263   -0.156209
0.000217614   0.00702659   -0.156482
-0.170749   0.00983198   0.00999068
-0.00792139   -0.177729   0.00342467
0.158459   -0.167013   -0.1693
0.325641   -0.00988184   -0.17203
0.160301   0.0060631   -0.00583192
0.325777   -0.158167   0.0114459
-0.491105   0.166386   -0.171792
-0.327699   0.327956   -0.142881
0.497488   0.34462   0.00375656
-0.342409   0.178189   0.0100153
-0.162307   0.157206   -0.163442
-0.0104656   0.33756   -0.169615
-0.169348   0.331793   0.000439206
0.00881564   0.180914   -0.00102074
0.170349   0.169538   -0.16737
0.345268   0.329238   -0.182073
0.174168   0.33734   -0.0166831
0.341803   0.165563   -0.00337872
0.494559   -0.499028   0.173562
-0.324757   -0.337027   0.177085
-0.495846   -0.332621   0.342571
-0.342029   -0.49917   0.334863
-0.170824   0.497314   0.158214
-0.026416   -0.345399   0.172933
-0.174411   -0.329531   0.334427
-0.00202091   -0.495431   0.340076
0.190397   0.495658   0.157605
0.33236   -0.33374   0.181868
0.157908   -0.339819   0.335029
0.337564   -0.498738   0.352071
-0.496576   -0.176754   0.167073
-0.343292   -0.00504118   0.1598
-0.498359   0.00191337   0.316546
-0.33202   -0.1633   0.325177
-0.151036   -0.152917   0.167079
0.0111481   0.000538427   0.154157
-0.17221   -0.00123737   0.315651
0.0105277   -0.173173   0.329793
0.157863   -0.17659   0.165941
0.316214   0.0133089   0.153111
0.166307   0.00326524   0.320991
0.329056   -0.164118   0.319238
0.499767   0.185917   0.18023
-0.320335   0.330209   0.175451
-0.487349   0.330927   0.343443
-0.321459   0.176461   0.325578
-0.163957   0.176674   0.154354
0.0038752   0.338677   0.161
-0.158084   0.346805   0.31786
-0.0139971   0.170123   0.314533
0.158628   0.170257   0.148456
0.332799   0.332857   0.170244
0.164788   0.32787   0.33478
0.327384   0.147033   0.325461
