0.479335   -0.757749   0.44264
-0.717917   0.0791124   0.500638
0.0984901   0.0883581   -0.594418
0.537003   0.197695   -0.590626
0.542278   0.135026   -0.314636
0.519001   -0.546892   0.280724
-0.0336522   0.0634614   0.362403
-0.563315   -0.81406   0.181783
-0.368499   0.192196   -0.0595573
-1.04483   -0.579218   1.26656
-0.102839   0.00691769   0.787796
-0.473067   -0.437277   -0.199247
0.0897319   -0.403273   0.131996
-0.62086   0.0950988   0.275703
1.28087   0.134561   -0.327301
-0.442175   -0.250628   -0.557155
-0.359103   -0.575551   -0.628897
0.386736   -0.0173815   0.493913
-0.0327438   -0.153107   -1.14809
-0.0611873   -0.269497   -0.045167
-0.968455   -1.07899   0.217602
0.131516   -0.273399   1.60063
-0.250933   0.19987   -0.337341
0.885086   0.200449   -0.591389
0.615349   0.474995   -0.187765
-1.08392   0.0357283   -0.366774
-0.636916   -0.181395   0.397005
-0.0673891   0.96647   0.711291
-0.334289   -0.143852   -0.453796
-0.342801   -1.07827   -1.29738
0.72101   0.40256   0.0846862
-0.130725   -0.518618   0.588661
-0.802445   0.353341   -0.181111
0.320673   -0.548139   0.76453
-0.567506   0.360011   0.346612
-0.258491   -0.0040097   -0.311989
0.268396   -0.509739   -0.0871425
-0.610749   0.45102   0.393831
-0.22353   0.671093   -0.00446418
-0.00828336   -7.67536e-05   0.922288
0.336429   -0.476915   -0.271494
-0.0552555   -0.963531   1.74529
0.37881   -0.00479681   -0.661648
-0.165008   -0.224976   -1.19386
0.242417   -0.860692   -0.541511
-0.172994   -0.454387   -0.345527
-0.332224   0.0462646   -0.71123
1.21666   -0.294605   -0.248385
0.447662   -0.603032   -0.168655
0.141719   1.29464   0.0645916
-0.183993   0.0823002   1.08113
-1.14725   0.525189   0.155784
0.241939   -0.308485   0.900298
-0.375341   1.45513   -0.497345
0.533896   0.413914   0.131889
-0.887749   0.394768   -0.00822674
0.535932   1.34934   0.728177
-0.408494   -0.663674   1.43869
1.2656   -0.679028   -1.26375
1.13762   -0.172607   0.203788
-0.984397   0.00674801   -0.263923
-0.51841   -0.476031   -1.16844
0.0847121   0.774944   0.961952
0.435105   0.534527   0.485097
-0.155506   0.301453   -0.703873
-0.0521453   0.885599   -0.37356
0.420372   -0.522812   -0.783989
-1.47566   -0.180708   0.122156
-0.191768   -1.13607   0.150304
1.28454   0.802803   -0.291542
-0.15029   1.24757   0.19546
-0.867053   -1.31691   -0.558606
0.2108   1.58804   0.941629
-0.924625   0.647231   -0.214168
0.369209   -0.907958   -0.106612
-0.0152592   0.233191   0.26542
0.70251   0.166533   1.24783
-0.251836   -0.286628   -0.476568
0.664697   0.712306   -1.22818
0.34386   0.711339   1.29159
-1.36837   0.158192   0.734426
-0.227881   0.332728   0.191583
-0.00831404   -1.03736   0.342427
-1.03047   -0.355238   0.193837
0.537448   -0.936523   -0.518809
0.448229   1.00767   -0.104077
-0.248482   0.0564825   -0.649886
-1.05487   -0.36881   0.400444
0.994939   0.141963   -0.21212
0.271586   -0.0950345   -0.0569004
0.356509   -0.758395   0.296019
0.745264   0.232601   -1.10234
0.0314228   -0.0236304   -0.277811
0.559603   0.517063   -1.04039
0.796368   0.866646   0.679086
0.43145   -0.693405   0.191712
0.785469   0.253886   0.362255
-0.0974753   0.052786   -0.334489
1.00871   -0.716554   0.121872
0.269761   0.716931   0.0467587
-1.01924   -0.395617   -0.558899
0.49081   -0.769385   -0.592732
-0.92731   0.153176   -0.724079
-0.120465   0.00562437   -1.51286
0.125246   0.632198   0.139737
-0.445881   0.924541   0.279301
0.253322   0.249788   -0.0860195
0.99453   0.240839   1.29493
