0.175742   0.135596   0.236156
0.228005   -0.223712   -0.483183
-0.252041   -0.000841363   -0.192189
0.322849   -0.489429   -0.00656226
0.256088   0.338759   -0.442523
-0.452835   0.219776   0.0636442
0.259934   0.360181   0.121085
-0.177827   0.27223   -0.195536
-0.464659   -0.180101   0.175513
-0.286025   -0.260298   0.0737511
0.44935   -0.409818   0.378056
-0.124185   0.423278   0.303379
0.436776   -0.242939   -0.136676
0.309495   0.30743   -0.224538
-0.204618   -0.105182   0.157238
-0.300297   -0.24516   0.365683
0.30019   -0.450473   0.238919
-0.48693   0.212311   -0.279366
-0.155138   -0.163152   -0.0506564
-0.018299   0.469509   -0.33278
-0.15289   -0.281447   -0.273828
-0.386753   0.463342   0.0310971
0.478149   -0.307286   -0.320292
0.396561   -0.0945893   -0.386351
-0.398608   0.0262462   0.200918
0.368126   0.0995073   0.131727
-0.164172   0.104743   0.236324
-0.300755   0.355472   0.253173
-0.0868397   0.0797504   -0.100664
-0.430139   -0.390285   0.208581
0.0376137   -0.24782   -0.0431951
0.0103168   -0.409692   -0.175977
0.425844   0.155414   -0.12598
0.143913   -0.424947   0.125444
0.0285409   0.106834   0.469136
0.493704   0.225814   0.282462
0.00810073   0.0284512   0.295825
0.390754   -0.154271   0.426676
0.0531169   0.163918   0.0146815
0.183967   0.0161238   0.0759429
-0.453355   -0.438611   -0.474743
-0.0267841   -0.300835   -0.473776
-0.334963   0.201182   -0.0945573
0.39386   0.311996   -0.00769252
-0.382716   0.31132   0.443092
0.260184   -0.062343   0.261305
-0.289316   -0.417281   -0.106069
0.331805   -0.398583   -0.451288
-0.0910225   -0.388348   0.322135
0.486435   0.402814   0.178372
-0.0717785   -0.067605   -0.287719
-0.00203029   -0.111519   0.0861872
0.286511   0.248528   0.345937
-0.117984   0.0896094   -0.391972
0.132389   0.392819   -0.0218505
0.381841   0.0598175   0.370452
-0.238368   0.420953   -0.445868
-0.327568   0.126072   0.352067
0.0624753   0.300461   0.423933
0.155719   -0.244225   0.221431
-0.352624   0.469691   -0.277325
-0.167596   0.261073   0.432288
0.377462   -0.443957   -0.197669
-0.169585   0.253217   0.0387131
0.113694   -0.00776421   -0.11911
-0.421518   -0.0771801   0.393552
-0.095152   -0.374334   0.03832
-0.486193   0.126198   0.49181
0.32206   -0.0152162   -0.0789598
0.335981   -0.140635   0.0951132
-0.445796   -0.0146541   -0.229434
-0.419619   0.023874   -0.0272286
-0.203825   -0.360774   -0.457887
-0.484157   0.372819   -0.161725
0.256491   -0.232756   -0.295086
-0.0446514   0.474152   0.475399
0.115127   -0.369301   0.384998
-0.198147   -0.0258455   0.398765
0.218469   0.109221   0.492594
0.0900583   0.130075   -0.326433
0.0625845   -0.206444   -0.230921
-0.0555177   0.419205   0.128197
0.325586   0.130242   -0.319641
0.217511   0.171154   -0.122659
-0.0289348   0.262702   -0.403889
-0.343741   0.040173   -0.388
-0.0172941   0.238289   0.255678
0.112086   0.39825   0.249563
-0.427554   -0.259763   0.498538
-0.0832669   -0.185562   0.281317
0.22599   0.475356   0.420053
-0.251586   0.0676838   0.0443133
-0.281118   -0.4775   0.387494
-0.32653   -0.204619   -0.334356
0.432043   0.39259   0.401551
0.200834   -0.347231   -0.0905032
0.0184199   0.237036   -0.188317
-0.262628   0.216382   -0.368687
0.190859   0.45069   -0.254751
-0.0686226   0.417448   -0.103912
-0.254333   -0.466489   0.141526
0.107096   -0.372814   -0.355992
-0.360073   -0.165337   -0.102864
0.345763   -0.255222   0.252694
0.422342   -0.339793   0.0625598
0.0647558   -0.0978331   0.449296
0.193991   -0.049178   -0.372691
0.431404   0.433215   -0.350778
