-1.47763   -0.211368   0.302699
-0.939456   -0.62184   -1.0416
-0.277771   0.47005   1.962
1.15963   -1.07759   -0.219981
1.49196   0.572353   -0.0767333
-2.51438   0.595528   -1.17992
-1.43965   -2.17297   0.993104
2.29064   0.985038   0.569621
1.15176   1.61828   0.13474
0.121935   -0.72662   -1.02341
0.857717   -1.16025   -1.18347
0.606731   -0.0903639   1.95074
0.00736251   -1.44235   -0.560107
-1.59082   0.595403   -0.46918
-0.49463   -1.19281   0.656952
-1.69986   1.58487   -1.82964
-0.636234   0.473689   0.766368
0.248391   -0.60203   -0.0732779
1.18894   -0.569077   0.865016
0.215373   0.131697   -0.627089
0.15355   -0.505528   1.02101
-0.94539   0.562354   -1.09086
-1.20162   1.23797   0.812664
0.866785   -1.45128   -1.26073
0.145269   0.734657   -1.97645
-0.627068   -0.480891   -0.0208171
0.0694658   -0.27715   0.0639841
0.826777   0.710378   0.459471
-0.584118   0.893175   -1.45763
1.19907   -0.178703   -0.596939
1.32071   0.471876   -0.00471022
0.352434   0.180645   1.24086
-0.607885   -0.378984   -1.08585
-1.00239   -0.401854   -0.559023
-0.209509   -1.03199   0.276506
-0.0670374   -0.226197   -0.5081
-2.80242   0.0452961   0.00962738
0.678137   0.0101502   0.0672004
1.41595   0.228233   -3.71478
0.343002   -0.230866   -0.18503
-0.154381   0.985275   0.0956845
0.511454   -2.10433   0.572047
0.28794   -0.487292   -0.026773
-0.353102   -1.93882   0.152356
0.980277   0.25638   0.82462
0.3736   1.30925   -0.180078
-0.205952   -1.32553   -0.98806
-0.125712   -0.610633   0.0201327
-0.31286   1.11534   0.629552
0.674307   0.562928   -0.671101
0.176902   -0.831209   1.31408
-0.282334   0.369332   0.709604
0.0485796   0.435326   0.34021
-0.00240735   0.723319   -0.250354
-0.417681   -1.86857   -0.0136671
-1.28861   -1.38688   0.415625
-0.254869   -0.560109   -0.524826
-0.825896   -1.37139   1.71853
-1.668   -0.177573   -0.274039
-0.964862   2.24635   -0.151873
-0.109803   0.284097   -0.426081
1.65524   -0.314947   0.228153
2.77552   0.0166539   -1.19408
0.970303   0.675581   -0.35881
-0.912402   0.921741   0.724696
-1.52546   0.0784577   0.880842
-0.14528   0.114289   0.112967
-1.50952   0.343304   1.27862
-0.571393   0.833744   -0.806548
0.519472   0.510744   1.24479
0.257508   -0.137552   -1.557
0.984801   1.88832   0.263404
0.540686   0.394312   1.45445
1.19511   -0.51728   0.180559
-0.736794   -1.16152   -1.06223
1.13123   1.03114   0.288724
-1.41237   -0.662661   -1.13129
-1.1603   -0.998947   -1.65291
1.08613   0.450485   -0.432727
-0.299164   0.762774   0.543926
-1.57188   -0.678236   -2.17158
2.48585   -0.793963   1.0017
1.00203   0.700897   0.167363
-1.46254   0.0500843   0.760602
1.80517   0.143596   0.277387
0.222719   1.00714   1.81145
-0.725933   1.61019   -0.594018
0.0641804   2.82418   -1.22826
-0.0120624   2.68851   0.586969
1.71074   -0.479984   1.95206
1.28737   -0.19011   0.956867
0.834601   0.206741   0.249333
0.466926   -1.06132   0.276816
-1.14678   0.492756   -0.039987
-0.910861   -1.11203   0.125088
0.363074   -1.06094   0.503061
1.02535   0.385791   -1.75385
-0.351561   -1.90448   -0.492785
0.0743345   1.15486   -0.749421
-0.977699   -0.591792   1.35471
0.059925   -1.57086   -0.201995
0.792592   0.376781   1.14421
0.256215   -0.466287   1.09461
-1.31689   2.55851   -0.493738
-1.04397   -0.554781   0.879014
-0.852909   -0.500638   -0.430155
1.57091   0.5418   1.40349
-0.17253   -0.701261   -0.0873119
