0.204102   0.429331   0.0543765
0.417067   -0.32681   -0.131987
0.167468   0.104235   0.100595
-0.0598655   -0.406803   -0.440167
-0.0651589   0.315045   0.394679
0.0437218   0.0864055   -0.0436433
-0.472821   -0.0784612   -0.445542
-0.397764   0.293767   -0.200332
-0.217369   0.180974   0.00177762
0.255328   -0.414882   0.426223
0.495975   -0.46273   -0.0197034
-0.22749   0.472234   -0.0833916
0.163302   -0.298005   -0.229964
0.102464   -0.488031   -0.494638
-0.0656684   -0.476205   -0.263497
-0.166934   -0.412473   -0.47243
-0.189216   0.255923   -0.135413
-0.113689   -0.444888   -0.359096
0.0343966   0.438407   0.263491
-0.175354   -0.178683   -0.24203
0.102012   -0.106493   -0.349578
0.140237   -0.273794   -0.420286
0.292564   0.123177   0.40065
-0.223572   0.0535821   -0.256601
-0.426114   0.352524   0.315871
-0.457887   0.203824   0.0380633
-0.424506   0.248614   0.36999
0.187174   -0.424538   -0.372482
0.385622   -0.105881   0.167701
0.0259847   0.155251   -0.0936514
0.40025   0.177983   0.046687
0.0299899   -0.227266   0.349581
-0.307285   0.423532   0.000130559
0.221759   0.252614   0.0583677
0.405889   0.150999   -0.291942
-0.458271   0.359456   0.0821562
-0.0909683   -0.365838   -0.495655
-0.416145   -0.378043   -0.437057
0.116621   -0.0244783   -0.12097
0.339146   0.394686   -0.379348
0.211394   -0.279403   -0.144255
0.133074   0.46976   0.200023
-0.184954   -0.4844   -0.455559
-0.386367   0.0819547   0.126123
-0.338276   0.24483   0.230756
-0.019625   0.167335   -0.183024
0.368846   -0.376851   0.0884518
0.347519   -0.47199   -0.176132
0.255769   -0.214489   0.158379
-0.0341334   -0.392713   -0.310689
-0.0253342   -0.151722   -0.378973
-0.414696   -0.192055   0.268818
0.185652   -0.337858   0.398512
0.419982   0.236809   0.14488
0.0647984   -0.325996   -0.182955
0.19321   0.0708381   0.033166
-0.288862   -0.20321   -0.077835
-0.490143   -0.427775   0.117737
0.267367   -0.267798   0.0757774
-0.314838   -0.292793   0.417137
0.186539   0.365839   -0.332558
-0.477323   -0.433146   -0.397111
-0.222117   0.464026   -0.192933
0.188839   0.397808   0.410693
-0.0506195   0.314814   0.311912
0.0970283   0.0640002   -0.488101
-0.112494   0.442758   -0.18394
-0.199865   -0.435581   0.120845
-0.205217   -0.369668   -0.394605
-0.484525   0.224343   0.211605
-0.484638   -0.354224   0.284985
-0.293981   0.0291055   -0.418642
-0.476212   0.494573   0.0816206
0.375485   -0.1969   0.0837684
-0.271787   0.420179   -0.481395
-0.235948   0.140185   -0.19597
0.48677   0.0954307   -0.306423
0.34492   0.0382124   0.256181
-0.393585   0.274702   0.0665371
0.145558   -0.0986025   0.465514
0.484456   -0.218346   0.0515943
-0.366429   0.183278   -0.29534
-0.218836   0.150758   -0.0810615
0.498466   -0.340039   -0.45438
-0.14389   0.186857   0.188282
-0.0582288   -0.299382   -0.0757777
-0.134148   0.294893   0.275992
-0.0206427   0.21352   0.185039
-0.154954   0.361572   -0.436931
0.442893   -0.401147   -0.441841
-0.435673   -0.206327   -0.322547
0.231087   -0.00925582   -0.0892703
0.312166   -0.0303648   0.0741655
-0.427684   -0.3109   0.34717
0.0481095   -0.344744   -0.478436
0.0204232   0.120041   -0.463323
0.127101   -0.0213687   0.422645
0.341182   -0.0695169   0.277464
-0.0655958   -0.0331592   0.452744
-0.414698   -0.00890103   0.13095
0.31667   -0.222466   -0.222855
0.175129   -0.441706   0.41038
0.349248   0.261353   -0.385743
0.447077   -0.350397   0.116895
-0.42885   -0.437364   -0.313464
-0.332652   0.343313   0.321002
-0.380468   0.482989   -0.333844
0.346354   -0.161454   -0.402806
