-0.440548   -0.602335   0.808646
-0.0996448   -1.00284   0.905754
-0.175799   1.42619   -0.94712
-0.975379   -1.15089   -0.97832
0.162192   0.493571   -0.980896
1.72975   0.730732   -0.928623
-0.310308   1.22716   0.258951
-0.51992   -0.180598   -1.31233
-1.82899   0.465712   0.169277
-0.855598   -1.65666   0.269206
0.614436   -0.777055   0.337505
1.22721   0.532791   0.413492
-0.965173   0.234976   -0.525092
2.62152   -1.28389   0.0865023
2.7018   1.17728   -0.958165
-2.05602   -1.4041   0.976693
-0.337972   1.39201   2.38196
0.512752   -0.880785   -0.163078
2.8145   0.616441   -0.441636
-0.936829   -0.423357   2.17924
-1.4689   0.289359   1.23853
-0.341637   1.42817   -0.111308
1.70976   0.499571   0.167616
2.00728   -0.239429   0.244539
-1.65098   -0.260889   -1.03869
0.542014   -0.905433   0.967548
-0.569244   0.380021   -1.38287
-0.24272   0.48383   0.291442
1.03224   1.22536   -1.13886
-0.188369   -0.0492052   1.49712
-1.27991   -1.08434   -0.59386
0.87074   1.56423   -1.81206
2.30768   0.591883   -1.08964
-0.0990388   0.604152   1.54951
2.42611   0.113993   1.87526
0.60648   -0.276843   -1.87934
-1.56658   -0.403863   -0.914339
-1.05193   0.55388   0.651915
-0.890971   1.30983   0.261973
1.03021   1.52641   -0.944291
0.672321   1.54596   -0.719753
1.50287   1.01143   -0.300341
1.1426   -1.62136   -1.18002
-0.649655   -0.120409   -0.531242
0.591055   0.347143   -1.35893
0.569463   -1.15089   0.620601
-0.38702   -0.858561   1.30515
-1.5948   -0.494115   0.708072
-2.39097   1.4381   -1.73415
0.919146   -0.935638   -0.0631374
-0.536302   0.0725202   0.217538
1.03571   -1.92453   -0.490299
1.6214   1.24366   0.223769
-1.12107   -0.681855   0.980537
0.00334056   -0.183493   0.0314652
0.942093   -0.890722   0.217397
0.0953162   -0.788802   0.34135
-3.04244   -0.0606194   1.87766
-1.12784   2.01334   1.39644
3.38327   0.761796   0.623927
0.912854   0.753557   1.39871
-0.99901   -0.874685   -0.564718
-0.402575   -0.604172   -1.28473
-0.768766   -2.78714   -0.157369
-0.375933   0.745391   -0.636086
-1.36122   1.22374   -0.244203
0.369012   -0.569461   -0.668346
1.58285   0.854993   0.78345
-1.11201   1.26988   -1.07297
-0.207981   -0.246305   -1.11237
0.291466   -0.0289803   -0.89488
-0.685823   2.06358   0.290214
1.45844   -0.247602   1.69051
-0.857249   -0.54214   -3.09189
-0.180294   -1.63472   0.234234
-0.526808   -0.867546   0.484365
0.329825   -0.704739   -1.0735
0.237125   2.06611   -0.920478
-0.384021   -0.308113   -0.0852202
-2.03159   -0.0409008   -0.0515487
1.24498   -1.78138   0.862335
-0.63383   -0.0421589   0.706573
-1.12936   -1.87757   -0.655259
-0.820314   1.92418   0.750105
-2.02444   0.838154   0.113075
0.975532   -4.52218   -0.740452
0.600767   -1.87327   -2.2687
0.239111   -0.135912   0.6144
0.295654   -0.171408   0.795583
-0.0784521   0.181739   0.994043
-0.181263   0.599402   0.431699
0.0791846   0.294769   -0.43275
-0.478452   1.56211   -0.0440135
-0.383218   -0.255147   0.949258
0.715961   -1.08138   -1.31987
1.59204   0.414145   1.69709
0.148357   1.3456   2.61
-1.71162   1.23019   -2.72344
-1.44205   -0.0535327   -0.761204
0.468282   -1.5818   0.902452
-2.03816   -0.115865   -0.302913
-0.234788   0.212827   -0.296533
0.285497   0.831591   0.640182
1.35673   -0.597206   -0.384757
0.918404   -0.840352   0.0913576
0.108573   0.910994   1.15225
-1.46806   -0.282847   2.04723
0.613983   0.337579   -0.00910445
